2025/09/22 21:12:56| Processing Configuration File: /etc/squid/squid.conf (depth 0)
2025/09/22 21:12:56| Processing Configuration File: /etc/squid/hosts/SharedInfra.conf (depth 1)
2025/09/22 21:12:56| ERROR: Can not open file /etc/squid/lists/crowdstrike for reading
2025/09/22 21:12:56| WARNING: empty ACL: acl crowdstrike dstdomain "/etc/squid/lists/crowdstrike"
2025/09/22 21:12:56| Processing Configuration File: /etc/squid/hosts/ansibletest05.conf (depth 1)
2025/09/22 21:12:56| Processing Configuration File: /etc/squid/hosts/vm-lspiehler.conf (depth 1)
2025/09/22 21:12:56| Created PID file (/run/squid.pid)
2025/09/22 21:12:56| Set Current Directory to /var/spool/squid
2025/09/22 21:12:56| Creating missing swap directories
2025/09/22 21:12:56| No cache_dir stores are configured.
2025/09/22 21:12:56| Removing PID file (/run/squid.pid)
2025/09/22 21:12:56| Processing Configuration File: /etc/squid/squid.conf (depth 0)
2025/09/22 21:12:56| Processing Configuration File: /etc/squid/hosts/SharedInfra.conf (depth 1)
2025/09/22 21:12:56| ERROR: Can not open file /etc/squid/lists/crowdstrike for reading
2025/09/22 21:12:56| WARNING: empty ACL: acl crowdstrike dstdomain "/etc/squid/lists/crowdstrike"
2025/09/22 21:12:56| Processing Configuration File: /etc/squid/hosts/ansibletest05.conf (depth 1)
2025/09/22 21:12:56| Processing Configuration File: /etc/squid/hosts/vm-lspiehler.conf (depth 1)
2025/09/22 21:12:56| Created PID file (/run/squid.pid)
2025/09/22 21:12:56| Set Current Directory to /var/spool/squid
2025/09/22 21:12:56| Starting Squid Cache version 6.13 for x86_64-pc-linux-gnu...
2025/09/22 21:12:56| Service Name: squid
2025/09/22 21:12:56| Process ID 40
2025/09/22 21:12:56| Process Roles: master worker
2025/09/22 21:12:56| With 65536 file descriptors available
2025/09/22 21:12:56| Initializing IP Cache...
2025/09/22 21:12:56| DNS IPv6 socket created at [::], FD 8
2025/09/22 21:12:56| DNS IPv4 socket created at 0.0.0.0, FD 9
2025/09/22 21:12:56| Adding nameserver 208.67.222.222 from squid.conf
2025/09/22 21:12:56| Adding nameserver 208.67.220.220 from squid.conf
2025/09/22 21:12:56| Logfile: opening log daemon:/var/log/squid/access.log
2025/09/22 21:12:56| Logfile Daemon: opening log /var/log/squid/access.log
2025/09/22 21:12:56| Local cache digest enabled; rebuild/rewrite every 3600/3600 sec
2025/09/22 21:12:56| Store logging disabled
2025/09/22 21:12:56| Swap maxSize 0 + 262144 KB, estimated 20164 objects
2025/09/22 21:12:56| Target number of buckets: 1008
2025/09/22 21:12:56| Using 8192 Store buckets
2025/09/22 21:12:56| Max Mem  size: 262144 KB
2025/09/22 21:12:56| Max Swap size: 0 KB
2025/09/22 21:12:56| Using Least Load store dir selection
2025/09/22 21:12:56| Set Current Directory to /var/spool/squid
2025/09/22 21:12:56| Finished loading MIME types and icons.
2025/09/22 21:12:56| HTCP Disabled.
2025/09/22 21:12:56| Pinger socket opened on FD 14
2025/09/22 21:12:56| Squid plugin modules loaded: 0
2025/09/22 21:12:56| Adaptation support is off.
2025/09/22 21:12:56| Accepting HTTP Socket connections at conn3 local=[::]:3128 remote=[::] FD 12 flags=9
    listening port: 3128
2025/09/22 21:12:56 pinger| Initialising ICMP pinger ...
2025/09/22 21:12:56 pinger| ICMP socket opened.
2025/09/22 21:12:56 pinger| ICMPv6 socket opened
2025/09/22 21:12:57| storeLateRelease: released 0 objects
2025/09/22 21:13:31| Reconfiguring Squid Cache (version 6.13)...
2025/09/22 21:13:31| Closing HTTP(S) port [::]:3128
    listening port: 3128
2025/09/22 21:13:31| Closing Pinger socket on FD 14
2025/09/22 21:13:31| Logfile: closing log daemon:/var/log/squid/access.log
2025/09/22 21:13:31| Logfile Daemon: closing log daemon:/var/log/squid/access.log
2025/09/22 21:13:31| Processing Configuration File: /etc/squid/squid.conf (depth 0)
2025/09/22 21:13:31| Processing Configuration File: /etc/squid/hosts/SharedInfra.conf (depth 1)
2025/09/22 21:13:31| ERROR: Can not open file /etc/squid/lists/crowdstrike for reading
2025/09/22 21:13:31| WARNING: empty ACL: acl crowdstrike dstdomain "/etc/squid/lists/crowdstrike"
2025/09/22 21:13:31| Processing Configuration File: /etc/squid/hosts/ansibletest05.conf (depth 1)
2025/09/22 21:13:31| Processing Configuration File: /etc/squid/hosts/vm-lspiehler.conf (depth 1)
2025/09/22 21:13:31| Logfile: opening log daemon:/var/log/squid/access.log
2025/09/22 21:13:31| Logfile Daemon: opening log /var/log/squid/access.log
2025/09/22 21:13:31| Squid plugin modules loaded: 0
2025/09/22 21:13:31| Adaptation support is off.
2025/09/22 21:13:31| Store logging disabled
2025/09/22 21:13:31| DNS IPv6 socket created at [::], FD 10
2025/09/22 21:13:31| DNS IPv4 socket created at 0.0.0.0, FD 11
2025/09/22 21:13:31| Adding nameserver 208.67.222.222 from squid.conf
2025/09/22 21:13:31| Adding nameserver 208.67.220.220 from squid.conf
2025/09/22 21:13:31| HTCP Disabled.
2025/09/22 21:13:31| Pinger socket opened on FD 14
2025/09/22 21:13:31| Finished loading MIME types and icons.
2025/09/22 21:13:31| Accepting HTTP Socket connections at conn27 local=[::]:3128 remote=[::] FD 12 flags=9
    listening port: 3128
2025/09/22 21:13:31 pinger| Initialising ICMP pinger ...
2025/09/22 21:13:31 pinger| ICMP socket opened.
2025/09/22 21:13:31 pinger| ICMPv6 socket opened
2025/09/22 21:13:31 pinger| Pinger exiting.
2025/09/22 21:13:57| Reconfiguring Squid Cache (version 6.13)...
2025/09/22 21:13:57| Closing HTTP(S) port [::]:3128
    listening port: 3128
2025/09/22 21:13:57| Closing Pinger socket on FD 14
2025/09/22 21:13:57| Logfile: closing log daemon:/var/log/squid/access.log
2025/09/22 21:13:57| Logfile Daemon: closing log daemon:/var/log/squid/access.log
2025/09/22 21:13:57| Processing Configuration File: /etc/squid/squid.conf (depth 0)
2025/09/22 21:13:57| Processing Configuration File: /etc/squid/hosts/SharedInfra.conf (depth 1)
2025/09/22 21:13:57| ERROR: Can not open file /etc/squid/lists/crowdstrike for reading
2025/09/22 21:13:57| WARNING: empty ACL: acl crowdstrike dstdomain "/etc/squid/lists/crowdstrike"
2025/09/22 21:13:57| Processing Configuration File: /etc/squid/hosts/ansibletest05.conf (depth 1)
2025/09/22 21:13:57| Processing Configuration File: /etc/squid/hosts/vm-lspiehler.conf (depth 1)
2025/09/22 21:13:57| Logfile: opening log daemon:/var/log/squid/access.log
2025/09/22 21:13:57| Logfile Daemon: opening log /var/log/squid/access.log
2025/09/22 21:13:57| Squid plugin modules loaded: 0
2025/09/22 21:13:57| Adaptation support is off.
2025/09/22 21:13:57| Store logging disabled
2025/09/22 21:13:57| DNS IPv6 socket created at [::], FD 11
2025/09/22 21:13:57| DNS IPv4 socket created at 0.0.0.0, FD 12
2025/09/22 21:13:57| Adding nameserver 208.67.222.222 from squid.conf
2025/09/22 21:13:57| Adding nameserver 208.67.220.220 from squid.conf
2025/09/22 21:13:57| HTCP Disabled.
2025/09/22 21:13:57| Pinger socket opened on FD 18
2025/09/22 21:13:57| Finished loading MIME types and icons.
2025/09/22 21:13:57| Accepting HTTP Socket connections at conn262 local=[::]:3128 remote=[::] FD 14 flags=9
    listening port: 3128
2025/09/22 21:13:57 pinger| Initialising ICMP pinger ...
2025/09/22 21:13:57 pinger| ICMP socket opened.
2025/09/22 21:13:57 pinger| ICMPv6 socket opened
2025/09/22 21:13:57 pinger| Pinger exiting.
2025/09/22 21:14:24| Reconfiguring Squid Cache (version 6.13)...
2025/09/22 21:14:24| Closing HTTP(S) port [::]:3128
    listening port: 3128
2025/09/22 21:14:24| Closing Pinger socket on FD 18
2025/09/22 21:14:24| Logfile: closing log daemon:/var/log/squid/access.log
2025/09/22 21:14:24| Logfile Daemon: closing log daemon:/var/log/squid/access.log
2025/09/22 21:14:24| Processing Configuration File: /etc/squid/squid.conf (depth 0)
2025/09/22 21:14:24| Processing Configuration File: /etc/squid/hosts/SharedInfra.conf (depth 1)
2025/09/22 21:14:24| ERROR: Can not open file /etc/squid/lists/crowdstrike for reading
2025/09/22 21:14:24| WARNING: empty ACL: acl crowdstrike dstdomain "/etc/squid/lists/crowdstrike"
2025/09/22 21:14:24| Processing Configuration File: /etc/squid/hosts/ansibletest05.conf (depth 1)
2025/09/22 21:14:24| Processing Configuration File: /etc/squid/hosts/vm-lspiehler.conf (depth 1)
2025/09/22 21:14:24| Logfile: opening log daemon:/var/log/squid/access.log
2025/09/22 21:14:24| Logfile Daemon: opening log /var/log/squid/access.log
2025/09/22 21:14:24| Squid plugin modules loaded: 0
2025/09/22 21:14:24| Adaptation support is off.
2025/09/22 21:14:24| Store logging disabled
2025/09/22 21:14:24| DNS IPv6 socket created at [::], FD 12
2025/09/22 21:14:24| DNS IPv4 socket created at 0.0.0.0, FD 14
2025/09/22 21:14:24| Adding nameserver 208.67.222.222 from squid.conf
2025/09/22 21:14:24| Adding nameserver 208.67.220.220 from squid.conf
2025/09/22 21:14:24| HTCP Disabled.
2025/09/22 21:14:24| Pinger socket opened on FD 22
2025/09/22 21:14:24| Finished loading MIME types and icons.
2025/09/22 21:14:24| Accepting HTTP Socket connections at conn360 local=[::]:3128 remote=[::] FD 18 flags=9
    listening port: 3128
2025/09/22 21:14:24 pinger| Initialising ICMP pinger ...
2025/09/22 21:14:24 pinger| ICMP socket opened.
2025/09/22 21:14:24 pinger| ICMPv6 socket opened
2025/09/22 21:14:24 pinger| Pinger exiting.
2025/09/22 21:15:55| Reconfiguring Squid Cache (version 6.13)...
2025/09/22 21:15:55| Closing HTTP(S) port [::]:3128
    listening port: 3128
2025/09/22 21:15:55| Closing Pinger socket on FD 22
2025/09/22 21:15:55| Logfile: closing log daemon:/var/log/squid/access.log
2025/09/22 21:15:55| Logfile Daemon: closing log daemon:/var/log/squid/access.log
2025/09/22 21:15:55| Processing Configuration File: /etc/squid/squid.conf (depth 0)
2025/09/22 21:15:55| Processing Configuration File: /etc/squid/hosts/SharedInfra.conf (depth 1)
2025/09/22 21:15:55| Processing Configuration File: /etc/squid/hosts/ansibletest05.conf (depth 1)
2025/09/22 21:15:55| Processing Configuration File: /etc/squid/hosts/vm-lspiehler.conf (depth 1)
2025/09/22 21:15:55| Logfile: opening log daemon:/var/log/squid/access.log
2025/09/22 21:15:55| Logfile Daemon: opening log /var/log/squid/access.log
2025/09/22 21:15:55| Squid plugin modules loaded: 0
2025/09/22 21:15:55| Adaptation support is off.
2025/09/22 21:15:55| Store logging disabled
2025/09/22 21:15:55| DNS IPv6 socket created at [::], FD 14
2025/09/22 21:15:55| DNS IPv4 socket created at 0.0.0.0, FD 18
2025/09/22 21:15:55| Adding nameserver 208.67.222.222 from squid.conf
2025/09/22 21:15:55| Adding nameserver 208.67.220.220 from squid.conf
2025/09/22 21:15:55| HTCP Disabled.
2025/09/22 21:15:55| Pinger socket opened on FD 22
2025/09/22 21:15:55| Finished loading MIME types and icons.
2025/09/22 21:15:55| Accepting HTTP Socket connections at conn604 local=[::]:3128 remote=[::] FD 19 flags=9
    listening port: 3128
2025/09/22 21:15:55 pinger| Initialising ICMP pinger ...
2025/09/22 21:15:55 pinger| ICMP socket opened.
2025/09/22 21:15:55 pinger| ICMPv6 socket opened
2025/09/22 21:16:15 pinger| Pinger exiting.
2025/09/22 21:16:50| Reconfiguring Squid Cache (version 6.13)...
2025/09/22 21:16:50| Closing HTTP(S) port [::]:3128
    listening port: 3128
2025/09/22 21:16:50| Closing Pinger socket on FD 22
2025/09/22 21:16:50| Logfile: closing log daemon:/var/log/squid/access.log
2025/09/22 21:16:50| Logfile Daemon: closing log daemon:/var/log/squid/access.log
2025/09/22 21:16:50| Processing Configuration File: /etc/squid/squid.conf (depth 0)
2025/09/22 21:16:50| Processing Configuration File: /etc/squid/hosts/SharedInfra.conf (depth 1)
2025/09/22 21:16:50| Logfile: opening log daemon:/var/log/squid/access.log
2025/09/22 21:16:50| Logfile Daemon: opening log /var/log/squid/access.log
2025/09/22 21:16:50| Squid plugin modules loaded: 0
2025/09/22 21:16:50| Adaptation support is off.
2025/09/22 21:16:50| Store logging disabled
2025/09/22 21:16:50| DNS IPv6 socket created at [::], FD 10
2025/09/22 21:16:50| DNS IPv4 socket created at 0.0.0.0, FD 11
2025/09/22 21:16:50| Adding nameserver 208.67.222.222 from squid.conf
2025/09/22 21:16:50| Adding nameserver 208.67.220.220 from squid.conf
2025/09/22 21:16:50| HTCP Disabled.
2025/09/22 21:16:50| Pinger socket opened on FD 14
2025/09/22 21:16:50| Finished loading MIME types and icons.
2025/09/22 21:16:50| Accepting HTTP Socket connections at conn647 local=[::]:3128 remote=[::] FD 12 flags=9
    listening port: 3128
2025/09/22 21:16:50 pinger| Initialising ICMP pinger ...
2025/09/22 21:16:50 pinger| ICMP socket opened.
2025/09/22 21:16:50 pinger| ICMPv6 socket opened
2025/09/22 21:16:50 pinger| Pinger exiting.
2025/09/22 21:17:18| Reconfiguring Squid Cache (version 6.13)...
2025/09/22 21:17:18| Closing HTTP(S) port [::]:3128
    listening port: 3128
2025/09/22 21:17:18| Closing Pinger socket on FD 14
2025/09/22 21:17:18| Logfile: closing log daemon:/var/log/squid/access.log
2025/09/22 21:17:18| Logfile Daemon: closing log daemon:/var/log/squid/access.log
2025/09/22 21:17:18| Processing Configuration File: /etc/squid/squid.conf (depth 0)
2025/09/22 21:17:18| Processing Configuration File: /etc/squid/hosts/SharedInfra.conf (depth 1)
2025/09/22 21:17:18| Logfile: opening log daemon:/var/log/squid/access.log
2025/09/22 21:17:18| Logfile Daemon: opening log /var/log/squid/access.log
2025/09/22 21:17:18| Squid plugin modules loaded: 0
2025/09/22 21:17:18| Adaptation support is off.
2025/09/22 21:17:18| Store logging disabled
2025/09/22 21:17:18| DNS IPv6 socket created at [::], FD 10
2025/09/22 21:17:18| DNS IPv4 socket created at 0.0.0.0, FD 11
2025/09/22 21:17:18| Adding nameserver 208.67.222.222 from squid.conf
2025/09/22 21:17:18| Adding nameserver 208.67.220.220 from squid.conf
2025/09/22 21:17:18| HTCP Disabled.
2025/09/22 21:17:18| Pinger socket opened on FD 14
2025/09/22 21:17:18| Finished loading MIME types and icons.
2025/09/22 21:17:18| Accepting HTTP Socket connections at conn663 local=[::]:3128 remote=[::] FD 12 flags=9
    listening port: 3128
2025/09/22 21:17:18 pinger| Initialising ICMP pinger ...
2025/09/22 21:17:18 pinger| ICMP socket opened.
2025/09/22 21:17:18 pinger| ICMPv6 socket opened
2025/09/22 21:17:23 pinger| SendEcho ERROR: sending to ICMPv6 packet to [2607:f8b0:400a:80a::2003]: (101) Network is unreachable
2025/09/22 21:17:30 pinger| Pinger exiting.
2025/09/22 21:17:47| Reconfiguring Squid Cache (version 6.13)...
2025/09/22 21:17:47| Closing HTTP(S) port [::]:3128
    listening port: 3128
2025/09/22 21:17:47| Closing Pinger socket on FD 14
2025/09/22 21:17:47| Logfile: closing log daemon:/var/log/squid/access.log
2025/09/22 21:17:47| Logfile Daemon: closing log daemon:/var/log/squid/access.log
2025/09/22 21:17:47| Processing Configuration File: /etc/squid/squid.conf (depth 0)
2025/09/22 21:17:47| Processing Configuration File: /etc/squid/hosts/SharedInfra.conf (depth 1)
2025/09/22 21:17:47| Logfile: opening log daemon:/var/log/squid/access.log
2025/09/22 21:17:47| Logfile Daemon: opening log /var/log/squid/access.log
2025/09/22 21:17:47| Squid plugin modules loaded: 0
2025/09/22 21:17:47| Adaptation support is off.
2025/09/22 21:17:47| Store logging disabled
2025/09/22 21:17:47| DNS IPv6 socket created at [::], FD 11
2025/09/22 21:17:47| DNS IPv4 socket created at 0.0.0.0, FD 12
2025/09/22 21:17:47| Adding nameserver 208.67.222.222 from squid.conf
2025/09/22 21:17:47| Adding nameserver 208.67.220.220 from squid.conf
2025/09/22 21:17:47| HTCP Disabled.
2025/09/22 21:17:47| Pinger socket opened on FD 36
2025/09/22 21:17:47| Finished loading MIME types and icons.
2025/09/22 21:17:47| Accepting HTTP Socket connections at conn787 local=[::]:3128 remote=[::] FD 14 flags=9
    listening port: 3128
2025/09/22 21:17:47 pinger| Initialising ICMP pinger ...
2025/09/22 21:17:47 pinger| ICMP socket opened.
2025/09/22 21:17:47 pinger| ICMPv6 socket opened
2025/09/22 21:17:47 pinger| Pinger exiting.
